error: Prueba de log del nivel error
fatal: Prueba de log del nivel fatal
error: Prueba de log del nivel error
fatal: Prueba de log del nivel fatal
fatal: Ocurrió un error fatal en la ejecucion del proceso. 
    message:TypeError: Cannot read properties of undefined (reading 'toString')
fatal: Ocurrió un error fatal en la ejecucion del proceso. 
    message:Error: Error: MongoServerError: E11000 duplicate key error collection: ecommerce.products index: code_1 dup key: { code: "1" }
fatal: Ocurrió un error fatal en la ejecucion del proceso. 
    message:TypeError: Cannot read properties of undefined (reading 'owner')
fatal: Ocurrió un error fatal en la ejecucion del proceso. 
    message:Error: Error: MongoServerError: E11000 duplicate key error collection: 64f0ebd781e1847551c16c71_ecommerce.products index: code_1 dup key: { code: "seede" }
fatal: Ocurrió un error fatal en la ejecucion del proceso. 
    message:Error: Error: MongoServerError: E11000 duplicate key error collection: 64f0ebd781e1847551c16c71_ecommerce.products index: code_1 dup key: { code: "seede" }
fatal: Ocurrió un error fatal en la ejecucion del proceso. 
    message:Error: Error: MongoServerError: E11000 duplicate key error collection: 64f0ebd781e1847551c16c71_ecommerce.products index: code_1 dup key: { code: "sadasdf" }
fatal: Ocurrió un error fatal en la ejecucion del proceso. 
    message:Error: Error: MongoServerError: E11000 duplicate key error collection: 64f0ebd781e1847551c16c71_ecommerce.products index: code_1 dup key: { code: "sadasdf" }
fatal: Ocurrió un error fatal en la ejecucion del proceso. 
    message:Error: Error: MongoServerError: E11000 duplicate key error collection: 64f0ebd781e1847551c16c71_ecommerce.products index: code_1 dup key: { code: "1654654dfadfasdf" }
fatal: Ocurrió un error fatal en la ejecucion del proceso. 
    message:ReferenceError: e is not defined
fatal: Ocurrió un error fatal en la ejecucion del proceso. 
    message:ReferenceError: notPremiumProducts is not defined
fatal: Ocurrió un error fatal en la ejecucion del proceso. 
    message:ReferenceError: e is not defined
fatal: Ocurrió un error fatal en la ejecucion del proceso. 
    message:Error: Error: MongoServerError: E11000 duplicate key error collection: ecommerce.products index: code_1 dup key: { code: "ABC123456" }
fatal: Ocurrió un error fatal en la ejecucion del proceso. 
    message:Error: Error: MongoServerError: E11000 duplicate key error collection: ecommerce.products index: code_1 dup key: { code: "ABC123456" }
fatal: Ocurrió un error fatal en la ejecucion del proceso. 
    message:Error: Error: MongoServerError: E11000 duplicate key error collection: 64f0ebd781e1847551c16c71_ecommerce.products index: code_1 dup key: { code: "ABC123456" }
error: Falló el GET. Revisar parametros cid:6504f745b07752b35e65c069 y pid:64fa4d681128fa3686b90a8a
error: Falló el GET. Revisar parametros cid:6504f745b07752b35e65c069 y pid:64fa4d681128fa3686b90a8a
error: Falló el GET. Revisar parametros cid:6504f744b07752b35e65c067 y pid:65038d0fb9f0a329d9610216
error: Falló el GET. Revisar parametros cid:6504f744b07752b35e65c067 y pid:65038d0fb9f0a329d9610216
error: Falló el GET. Revisar parametros cid:6504f744b07752b35e65c067 y pid:65038d0fb9f0a329d9610216
error: Falló el GET. Revisar parametros cid:6504f744b07752b35e65c067 y pid:65038d0fb9f0a329d9610216
error: Falló el GET. Revisar parametros cid:6504f744b07752b35e65c067 y pid:65038d0fb9f0a329d9610216
error: Falló el GET. Revisar parametros cid:6504f744b07752b35e65c067 y pid:65038d0fb9f0a329d9610216
error: Falló el GET. Revisar parametros cid:6504f744b07752b35e65c067 y pid:65038d0fb9f0a329d9610216
error: Falló el GET. Revisar parametros cid:6504f744b07752b35e65c067 y pid:65038d0fb9f0a329d9610216
error: Falló el GET. Revisar parametros cid:6504f744b07752b35e65c067 y pid:65038d0fb9f0a329d9610216
error: Falló el GET. Revisar parametros cid:6504f744b07752b35e65c067 y pid:65038d0fb9f0a329d9610216
error: Falló el GET. Revisar parametros cid:6504f744b07752b35e65c067 y pid:65038d0fb9f0a329d9610216
fatal: Ocurrió un error fatal en la ejecucion del proceso. 
    message:Error: Error: TypeError: e.product.lean is not a function
error: Falló el GET. Revisar parametros cid:6504f744b07752b35e65c067 y pid:65038d0fb9f0a329d9610216
error: Falló el GET. Revisar parametros cid:6504f744b07752b35e65c067 y pid:65038d0fb9f0a329d9610216
error: Falló el GET. Revisar parametros cid:6504f744b07752b35e65c067 y pid:65038d0fb9f0a329d9610216
fatal: Ocurrió un error fatal en la ejecucion del proceso. 
    message:Error: Error: TypeError: Cannot read properties of undefined (reading 'toString')
error: Falló el GET. Revisar parametros cid:6504f744b07752b35e65c067 y pid:65038d0fb9f0a329d9610216
error: Falló el GET. Revisar parametros cid:6504f744b07752b35e65c067 y pid:65038d0fb9f0a329d9610216
error: Falló el GET. Revisar parametros cid:6504f744b07752b35e65c067, pid:65038d0fb9f0a329d9610216 y newQuantity:[object Object]
error: Error fatal al autenticarse
error: Error fatal al autenticarse
fatal: Ocurrió un error fatal en la ejecucion del proceso. 
    message:Error: Error: MongoServerError: E11000 duplicate key error collection: ecommerce.products index: code_1 dup key: { code: "pepino" }
error: Error fatal al autenticarse
error: Error fatal al autenticarse
fatal: Ocurrió un error fatal en la ejecucion del proceso. 
    message:ReferenceError: admin is not defined
fatal: Ocurrió un error fatal en la ejecucion del proceso. 
    message:Error: No recipients defined
fatal: Ocurrió un error fatal en la ejecucion del proceso. 
    message:Error: No recipients defined
fatal: Ocurrió un error fatal en la ejecucion del proceso. 
    message:Error: No recipients defined
fatal: Ocurrió un error fatal en la ejecucion del proceso. 
    message:Error: No recipients defined
fatal: Ocurrió un error fatal en la ejecucion del proceso. 
    message:Error: No recipients defined
fatal: Ocurrió un error fatal en la ejecucion del proceso. 
    message:Error: No recipients defined
fatal: Ocurrió un error fatal en la ejecucion del proceso. 
    message:Error: No recipients defined
fatal: Ocurrió un error fatal en la ejecucion del proceso. 
    message:ReferenceError: req is not defined
fatal: Ocurrió un error fatal en la ejecucion del proceso. 
      message:BSONError: Argument passed in must be a string of 12 bytes or a string of 24 hex characters or an integer
fatal: Ocurrió un error fatal en la ejecucion del proceso. 
      message:BSONError: Argument passed in must be a string of 12 bytes or a string of 24 hex characters or an integer
fatal: Ocurrió un error fatal en la ejecucion del proceso. 
    message:[object Object]
fatal: Ocurrió un error fatal en la ejecucion del proceso. 
      message:BSONError: Argument passed in must be a string of 12 bytes or a string of 24 hex characters or an integer
fatal: Ocurrió un error fatal en la ejecucion del proceso. 
      message:BSONError: Argument passed in must be a string of 12 bytes or a string of 24 hex characters or an integer
fatal: Ocurrió un error fatal en la ejecucion del proceso. 
    message:[object Object]
fatal: Ocurrió un error fatal en la ejecucion del proceso. 
      message:BSONError: Argument passed in must be a string of 12 bytes or a string of 24 hex characters or an integer
fatal: Ocurrió un error fatal en la ejecucion del proceso. 
      message:BSONError: Argument passed in must be a string of 12 bytes or a string of 24 hex characters or an integer
fatal: Ocurrió un error fatal en la ejecucion del proceso. 
    message:[object Object]
fatal: Ocurrió un error fatal en la ejecucion del proceso. 
      message:BSONError: Argument passed in must be a string of 12 bytes or a string of 24 hex characters or an integer
fatal: Ocurrió un error fatal en la ejecucion del proceso. 
      message:BSONError: Argument passed in must be a string of 12 bytes or a string of 24 hex characters or an integer
fatal: Ocurrió un error fatal en la ejecucion del proceso. 
    message:[object Object]
fatal: Ocurrió un error fatal en la ejecucion del proceso. 
      message:BSONError: Argument passed in must be a string of 12 bytes or a string of 24 hex characters or an integer
fatal: Ocurrió un error fatal en la ejecucion del proceso. 
      message:BSONError: Argument passed in must be a string of 12 bytes or a string of 24 hex characters or an integer
fatal: Ocurrió un error fatal en la ejecucion del proceso. 
    message:[object Object]
fatal: Ocurrió un error fatal en la ejecucion del proceso. 
    message:BSONError: Argument passed in must be a string of 12 bytes or a string of 24 hex characters or an integer
fatal: Ocurrió un error fatal en la ejecucion del proceso. 
    message:BSONError: Argument passed in must be a string of 12 bytes or a string of 24 hex characters or an integer
fatal: Ocurrió un error fatal en la ejecucion del proceso.
      message:BSONError: Argument passed in must be a string of 12 bytes or a string of 24 hex characters or an integer
fatal: Ocurrió un error fatal en la ejecucion del proceso.
      message:BSONError: Argument passed in must be a string of 12 bytes or a string of 24 hex characters or an integer
fatal: Ocurrió un error fatal en la ejecucion del proceso. 
    message:[object Object]
fatal: Ocurrió un error fatal en la ejecucion del proceso.
      message:BSONError: Argument passed in must be a string of 12 bytes or a string of 24 hex characters or an integer
fatal: Ocurrió un error fatal en la ejecucion del proceso.
      message:BSONError: Argument passed in must be a string of 12 bytes or a string of 24 hex characters or an integer
fatal: Ocurrió un error fatal en la ejecucion del proceso. 
    message:[object Object]
fatal: Ocurrió un error fatal en la ejecucion del proceso.
      message:BSONError: Argument passed in must be a string of 12 bytes or a string of 24 hex characters or an integer
fatal: Ocurrió un error fatal en la ejecucion del proceso.
      message:BSONError: Argument passed in must be a string of 12 bytes or a string of 24 hex characters or an integer
fatal: Ocurrió un error fatal en la ejecucion del proceso. 
    message:[object Object]
fatal: Ocurrió un error fatal en la ejecucion del proceso.
      message:BSONError: Argument passed in must be a string of 12 bytes or a string of 24 hex characters or an integer
fatal: Ocurrió un error fatal en la ejecucion del proceso.
      message:BSONError: Argument passed in must be a string of 12 bytes or a string of 24 hex characters or an integer
fatal: Ocurrió un error fatal en la ejecucion del proceso. 
    message:[object Object]
fatal: Ocurrió un error fatal en la validacion del parametro.
      message:BSONError: Argument passed in must be a string of 12 bytes or a string of 24 hex characters or an integer
fatal: Ocurrió un error fatal en la validacion del parametro.
      message:BSONError: Argument passed in must be a string of 12 bytes or a string of 24 hex characters or an integer
fatal: Ocurrió un error fatal en la ejecucion del proceso. 
    message:[object Object]
fatal: Ocurrió un error fatal en la validacion del parametro.
      message:BSONError: Argument passed in must be a string of 12 bytes or a string of 24 hex characters or an integer
fatal: Ocurrió un error fatal en la ejecucion del proceso. 
    message:[object Object]
fatal: Ocurrió un error fatal en la validacion del parametro.
      message:BSONError: Argument passed in must be a string of 12 bytes or a string of 24 hex characters or an integer
fatal: Ocurrió un error fatal en la ejecucion del proceso. 
    message:[object Object]
fatal: Ocurrió un error fatal en la validacion del parametro.
      message:BSONError: Argument passed in must be a string of 12 bytes or a string of 24 hex characters or an integer
fatal: Ocurrió un error fatal en la ejecucion del proceso. 
    message:{"message":"Alguno o ambos parametros no corresponden a la clase ObjectId","cause":"Uno o todos los parametros enviados fueron numericos.\n    Se esperaba:\n    * :cid: debe recibir un ObjectId. Se recibió:  NotFound.\n    * :pid: debe recibir un ObjectId. Se recibió :  65038c7a113efadaace93934.\n    ","name":"Parametro numerico","code":4}
fatal: Ocurrió un error fatal en la validacion del parametro.
      message:BSONError: Argument passed in must be a string of 12 bytes or a string of 24 hex characters or an integer
fatal: Ocurrió un error fatal en la ejecucion del proceso. 
    message:{"message":"Alguno o ambos parametros no corresponden a la clase ObjectId","cause":"Uno o todos los parametros enviados fueron numericos.\n    Se esperaba:\n    * :cid: debe recibir un ObjectId. Se recibió:  NotFound.\n    * :pid: debe recibir un ObjectId. Se recibió :  65038c7a113efadaace93934.\n    ","name":"Parametro numerico","code":4}
fatal: Ocurrió un error fatal en la validacion del parametro.
      message:BSONError: Argument passed in must be a string of 12 bytes or a string of 24 hex characters or an integer
fatal: Ocurrió un error fatal en la validacion del parametro.
      message:BSONError: Argument passed in must be a string of 12 bytes or a string of 24 hex characters or an integer
fatal: Ocurrió un error fatal en la ejecucion del proceso. 
    message:{"message":"Alguno o ambos parametros no corresponden a la clase ObjectId","cause":"Uno o todos los parametros enviados fueron numericos.\n    Se esperaba:\n    * :cid: debe recibir un ObjectId. Se recibió:  NotFound.\n    * :pid: debe recibir un ObjectId. Se recibió :  65038c7a113efadaace93934.\n    ","name":"Parametro numerico","code":4}
fatal: Ocurrió un error fatal en la validacion del parametro.
      message:BSONError: Argument passed in must be a string of 12 bytes or a string of 24 hex characters or an integer
fatal: Ocurrió un error fatal en la ejecucion del proceso. 
    message:{"message":"Alguno o ambos parametros no corresponden a la clase ObjectId","cause":"Uno o todos los parametros enviados fueron numericos.\n    Se esperaba:\n    * :cid: debe recibir un ObjectId. Se recibió:  NotFound.\n    * :pid: debe recibir un ObjectId. Se recibió :  65038c7a113efadaace93934.\n    ","name":"Parametro numerico","code":4}
fatal: Ocurrió un error fatal en la validacion del parametro.
      message:BSONError: Argument passed in must be a string of 12 bytes or a string of 24 hex characters or an integer
fatal: Ocurrió un error fatal en la ejecucion del proceso. 
    message:{"message":"Alguno o ambos parametros no corresponden a la clase ObjectId","cause":"Uno o todos los parametros enviados fueron numericos.\n    Se esperaba:\n    * :cid: debe recibir un ObjectId. Se recibió:  NotFound.\n    * :pid: debe recibir un ObjectId. Se recibió :  65038c7a113efadaace93934.\n    ","name":"Parametro numerico","code":4}
fatal: Ocurrió un error fatal en la ejecucion del proceso. 
    message:{}
fatal: Ocurrió un error fatal en la ejecucion del proceso. 
    message:{}
fatal: Ocurrió un error fatal en la ejecucion del proceso. 
    message:Error: Error: CastError: Cast to ObjectId failed for value "products" (type string) at path "_id" for model "carts"
fatal: Ocurrió un error fatal en la ejecucion del proceso. 
    message:Error: Error: CastError: Cast to ObjectId failed for value "products" (type string) at path "_id" for model "carts"
error: Falló el GET. Revisar parametros cid:6585f8ad1f6c5e83a47686b2 y pid:6585fa7412d9cdcabb30b274
error: Falló el GET. Revisar parametros cid:6585f8ad1f6c5e83a47686b2 y pid:6585fa7412d9cdcabb30b274
